<?xml version="1.0" encoding="UTF-8"?>
<testsuite xmlns:xsi="http://www.w3.org/2001/XMLSchema-instance" xsi:noNamespaceSchemaLocation="https://maven.apache.org/surefire/maven-surefire-plugin/xsd/surefire-test-report-3.0.xsd" version="3.0" name="com.sabana.notificacion.repository.NotificacionRepositoryTest" time="1.209" tests="1" errors="0" skipped="0" failures="0">
  <properties>
[...]
</properties>
  <testcase name="findByNombreIgnoreCaseOrderByCreadoEnDesc_returnsOrderedMatches" classname="com.sabana.notificacion.repository.NotificacionRepositoryTest" time="0.087">
    <system-out><![CDATA[2026-05-25T15:29:19.685-05:00  INFO 10800 --- [           main] [                                                 ] t.c.s.AnnotationConfigContextLoaderUtils : Could not detect default configuration classes for test class [com.sabana.notificacion.repository.NotificacionRepositoryTest]: NotificacionRepositoryTest does not declare any static, non-private, non-final, nested classes annotated with @Configuration.
2026-05-25T15:29:19.745-05:00  INFO 10800 --- [           main] [                                                 ] .b.t.c.SpringBootTestContextBootstrapper : Found @SpringBootConfiguration com.sabana.notificacion.NotificacionApplication for test class com.sabana.notificacion.repository.NotificacionRepositoryTest

  .   ____          _            __ _ _
 /\\ / ___'_ __ _ _(_)_ __  __ _ \ \ \ \
( ( )\___ | '_ | '_| | '_ \/ _` | \ \ \ \
 \\/  ___)| |_)| | | | | || (_| |  ) ) ) )
  '  |____| .__|_| |_|_| |_\__, | / / / /
 =========|_|==============|___/=/_/_/_/
 :: Spring Boot ::                (v3.2.3)

2026-05-25T15:29:19.813-05:00  INFO 10800 --- [           main] [                                                 ] c.s.n.r.NotificacionRepositoryTest       : Starting NotificacionRepositoryTest using Java 23.0.1 with PID 10800 (started by vanev in C:\Users\vanev\Downloads\Corte_3-main\Corte_3-main\codigo\notificacion-service)
2026-05-25T15:29:19.813-05:00  INFO 10800 --- [           main] [                                                 ] c.s.n.r.NotificacionRepositoryTest       : No active profile set, falling back to 1 default profile: "default"
2026-05-25T15:29:20.285-05:00  INFO 10800 --- [           main] [                                                 ] .s.d.r.c.RepositoryConfigurationDelegate : Bootstrapping Spring Data JPA repositories in DEFAULT mode.
2026-05-25T15:29:20.309-05:00  INFO 10800 --- [           main] [                                                 ] .s.d.r.c.RepositoryConfigurationDelegate : Finished Spring Data repository scanning in 22 ms. Found 1 JPA repository interface.
2026-05-25T15:29:20.335-05:00  INFO 10800 --- [           main] [                                                 ] beddedDataSourceBeanFactoryPostProcessor : Replacing 'dataSource' DataSource bean with embedded version
2026-05-25T15:29:20.433-05:00  INFO 10800 --- [           main] [                                                 ] o.s.j.d.e.EmbeddedDatabaseFactory        : Starting embedded database: url='jdbc:h2:mem:b235518e-fe35-49be-a881-9860c3b790e0;DB_CLOSE_DELAY=-1;DB_CLOSE_ON_EXIT=false', username='sa'
2026-05-25T15:29:20.504-05:00  INFO 10800 --- [           main] [                                                 ] o.hibernate.jpa.internal.util.LogHelper  : HHH000204: Processing PersistenceUnitInfo [name: default]
2026-05-25T15:29:20.516-05:00  INFO 10800 --- [           main] [                                                 ] o.h.c.internal.RegionFactoryInitiator    : HHH000026: Second-level cache disabled
2026-05-25T15:29:20.539-05:00  INFO 10800 --- [           main] [                                                 ] o.s.o.j.p.SpringPersistenceUnitInfo      : No LoadTimeWeaver setup: ignoring JPA class transformer
2026-05-25T15:29:20.661-05:00  INFO 10800 --- [           main] [                                                 ] o.h.e.t.j.p.i.JtaPlatformInitiator       : HHH000489: No JTA platform available (set 'hibernate.transaction.jta.platform' to enable JTA platform integration)
Hibernate: drop table if exists notificaciones cascade 
Hibernate: create table notificaciones (creado_en timestamp(6) with time zone not null, id bigint generated by default as identity, nivel varchar(50) not null, nombre varchar(200) not null, primary key (id))
2026-05-25T15:29:20.674-05:00  INFO 10800 --- [           main] [                                                 ] j.LocalContainerEntityManagerFactoryBean : Initialized JPA EntityManagerFactory for persistence unit 'default'
2026-05-25T15:29:20.783-05:00  INFO 10800 --- [           main] [                                                 ] c.s.n.r.NotificacionRepositoryTest       : Started NotificacionRepositoryTest in 1.03 seconds (process running for 45.39)
Hibernate: insert into notificaciones (creado_en,nivel,nombre,id) values (?,?,?,default)
Hibernate: insert into notificaciones (creado_en,nivel,nombre,id) values (?,?,?,default)
Hibernate: select ne1_0.id,ne1_0.creado_en,ne1_0.nivel,ne1_0.nombre from notificaciones ne1_0 where upper(ne1_0.nombre)=upper(?) order by ne1_0.creado_en desc
]]></system-out>
  </testcase>
</testsuite>