<?xml version="1.0" encoding="UTF-8"?>
<testsuite xmlns:xsi="http://www.w3.org/2001/XMLSchema-instance" xsi:noNamespaceSchemaLocation="https://maven.apache.org/surefire/maven-surefire-plugin/xsd/surefire-test-report-3.0.xsd" version="3.0" name="com.sabana.riesgo.factory.ApoyoFactoryTest" time="0.041" tests="3" errors="0" skipped="0" failures="0">
  <properties>
[...]
</properties>
  <testcase name="crearApoyo_nivelAmarillo_retornaApoyoAcademico" classname="com.sabana.riesgo.factory.ApoyoFactoryTest" time="0.007"/>
  <testcase name="crearApoyo_nivelRojo_retornaApoyoPsicologico" classname="com.sabana.riesgo.factory.ApoyoFactoryTest" time="0.002"/>
  <testcase name="crearApoyo_nivelVerde_lanzaExcepcion" classname="com.sabana.riesgo.factory.ApoyoFactoryTest" time="0.005"/>
</testsuite>